<?xml version="1.0" encoding="UTF-8"?>
<testsuite name="org.silverpeas.setup.installation.SilverpeasInstallationTaskTest" tests="1" skipped="0" failures="0" errors="0" timestamp="2026-09-10T20:55:37" hostname="HOSE2406102293A" time="1.248">
  <properties/>
  <testcase name="testInstallJustSilverpeas" classname="org.silverpeas.setup.installation.SilverpeasInstallationTaskTest" time="1.248"/>
  <system-out><![CDATA[
 02:55:38.628158 [install] (Re)Installation of silverpeas.war
 02:55:38.632689 [install] (Re)Installation of silverpeas.war: [OK]]]></system-out>
  <system-err><![CDATA[]]></system-err>
</testsuite>
