<?xml version="1.0" encoding="UTF-8"?>
<testsuite name="org.silverpeas.setup.installation.SilverpeasInstallationTaskTest" tests="1" skipped="0" failures="0" errors="0" timestamp="2026-09-10T21:17:27" hostname="HOSE2406102293A" time="1.249">
  <properties/>
  <testcase name="testInstall" classname="org.silverpeas.setup.installation.SilverpeasInstallationTaskTest" time="1.249"/>
  <system-out><![CDATA[
 03:17:29.043353 [install] (Re)Installation of jackrabbit-jca.rar
 03:17:29.047512 [install] (Re)Installation of jackrabbit-jca.rar: [OK]
 03:17:29.048066 [install] (Re)Installation of silverpeas.war
 03:17:29.048539 [install] (Re)Installation of silverpeas.war: [OK]]]></system-out>
  <system-err><![CDATA[]]></system-err>
</testsuite>
