<?xml version="1.0" encoding="UTF-8"?>
<testsuite name="com.example.rankfstudy.RankFPersistentStateTest" tests="4" skipped="0" failures="1" errors="0" timestamp="2026-09-10T03:19:33" hostname="HOSE2406102293A" time="0.015">
  <properties/>
  <testcase name="testC_neutral()" classname="com.example.rankfstudy.RankFPersistentStateTest" time="0.008"/>
  <testcase name="testD_neutral()" classname="com.example.rankfstudy.RankFPersistentStateTest" time="0.001"/>
  <testcase name="testB_brittle()" classname="com.example.rankfstudy.RankFPersistentStateTest" time="0.005">
    <failure message="org.opentest4j.AssertionFailedError: Expected persistent marker file to exist ==&gt; expected: &lt;true&gt; but was: &lt;false&gt;" type="org.opentest4j.AssertionFailedError">org.opentest4j.AssertionFailedError: Expected persistent marker file to exist ==&gt; expected: &lt;true&gt; but was: &lt;false&gt;
	at org.junit.jupiter.api.AssertionFailureBuilder.build(AssertionFailureBuilder.java:151)
	at org.junit.jupiter.api.AssertionFailureBuilder.buildAndThrow(AssertionFailureBuilder.java:132)
	at org.junit.jupiter.api.AssertTrue.failNotTrue(AssertTrue.java:63)
	at org.junit.jupiter.api.AssertTrue.assertTrue(AssertTrue.java:36)
	at org.junit.jupiter.api.Assertions.assertTrue(Assertions.java:214)
	at com.example.rankfstudy.RankFPersistentStateTest.testB_brittle(RankFPersistentStateTest.java:116)
	at java.base/java.lang.reflect.Method.invoke(Method.java:566)
	at java.base/java.util.ArrayList.forEach(ArrayList.java:1541)
	at java.base/java.util.ArrayList.forEach(ArrayList.java:1541)
</failure>
  </testcase>
  <testcase name="testA_stateSetter()" classname="com.example.rankfstudy.RankFPersistentStateTest" time="0.001"/>
  <system-out><![CDATA[]]></system-out>
  <system-err><![CDATA[]]></system-err>
</testsuite>
