<?xml version="1.0" encoding="UTF-8"?>
<testsuite name="org.silverpeas.setup.installation.SilverpeasInstallationTaskTest" tests="1" skipped="0" failures="0" errors="0" timestamp="2026-09-10T21:17:17" hostname="HOSE2406102293A" time="1.222">
  <properties/>
  <testcase name="testInstallJustSilverpeas" classname="org.silverpeas.setup.installation.SilverpeasInstallationTaskTest" time="1.222"/>
  <system-out><![CDATA[
 03:17:18.497802 [install] (Re)Installation of silverpeas.war
 03:17:18.502131 [install] (Re)Installation of silverpeas.war: [OK]]]></system-out>
  <system-err><![CDATA[]]></system-err>
</testsuite>
