<?xml version="1.0" encoding="UTF-8"?>
<testsuite name="com.example.rankfstudy.RankFPersistentStateTest" tests="4" skipped="0" failures="0" errors="0" timestamp="2026-09-10T03:14:15" hostname="HOSE2406102293A" time="0.013">
  <properties/>
  <testcase name="testA_stateSetter()" classname="com.example.rankfstudy.RankFPersistentStateTest" time="0.01"/>
  <testcase name="testC_neutral()" classname="com.example.rankfstudy.RankFPersistentStateTest" time="0.001"/>
  <testcase name="testD_neutral()" classname="com.example.rankfstudy.RankFPersistentStateTest" time="0.001"/>
  <testcase name="testB_brittle()" classname="com.example.rankfstudy.RankFPersistentStateTest" time="0.001"/>
  <system-out><![CDATA[]]></system-out>
  <system-err><![CDATA[]]></system-err>
</testsuite>
